# JRE version: OpenJDK Runtime Environment Zulu17.32+13-CA (17.0.2+8) (build 17.0.2+8-LTS)
# Java VM: OpenJDK 64-Bit Server VM Zulu17.32+13-CA (17.0.2+8-LTS, mixed mode, tiered, compressed oops, compressed class ptrs, parallel gc, windows-amd64)
GC Precious Log:
 CPUs: 12 total, 12 available
 Memory: 16052M
 Large Page Support: Disabled
 NUMA Support: Disabled
 Compressed Oops: Enabled (Zero based)
 Alignments: Space 512K, Generation 512K, Heap 2M
 Heap Min Capacity: 8M
 Heap Initial Capacity: 252M
 Heap Max Capacity: 4G
 Pre-touch: Disabled
 Parallel Workers: 10
Heap:
 PSYoungGen      total 749056K, used 596845K [0x00000007aab00000, 0x00000007e9800000, 0x0000000800000000)
  eden space 709632K, 78% used [0x00000007aab00000,0x00000007ccb630c0,0x00000007d6000000)
  from space 39424K, 99% used [0x00000007d6000000,0x00000007d8678698,0x00000007d8680000)
  to   space 57856K, 0% used [0x00000007e5f80000,0x00000007e5f80000,0x00000007e9800000)
 ParOldGen       total 176128K, used 104977K [0x0000000700000000, 0x000000070ac00000, 0x00000007aab00000)
  object space 176128K, 59% used [0x0000000700000000,0x00000007066845a8,0x000000070ac00000)
 Metaspace       used 55546K, committed 56064K, reserved 888832K
  class space    used 6867K, committed 7104K, reserved 839680K
GC Heap History (20 events):
Event: 33.410 GC heap before
{Heap before GC invocations=16 (full 2):
 PSYoungGen      total 170496K, used 159973K [0x00000007aab00000, 0x00000007bba80000, 0x0000000800000000)
  eden space 152576K, 100% used [0x00000007aab00000,0x00000007b4000000,0x00000007b4000000)
  from space 17920K, 41% used [0x00000007b4000000,0x00000007b47395c8,0x00000007b5180000)
  to   space 16896K, 0% used [0x00000007baa00000,0x00000007baa00000,0x00000007bba80000)
 ParOldGen       total 172032K, used 50994K [0x0000000700000000, 0x000000070a800000, 0x00000007aab00000)
  object space 172032K, 29% used [0x0000000700000000,0x00000007031cc808,0x000000070a800000)
 Metaspace       used 51325K, committed 51904K, reserved 888832K
  class space    used 6447K, committed 6720K, reserved 839680K
}
Event: 33.414 GC heap after
{Heap after GC invocations=16 (full 2):
 PSYoungGen      total 260096K, used 7062K [0x00000007aab00000, 0x00000007bb980000, 0x0000000800000000)
  eden space 244224K, 0% used [0x00000007aab00000,0x00000007aab00000,0x00000007b9980000)
  from space 15872K, 44% used [0x00000007baa00000,0x00000007bb0e58c0,0x00000007bb980000)
  to   space 16384K, 0% used [0x00000007b9980000,0x00000007b9980000,0x00000007ba980000)
 ParOldGen       total 172032K, used 58051K [0x0000000700000000, 0x000000070a800000, 0x00000007aab00000)
  object space 172032K, 33% used [0x0000000700000000,0x00000007038b0e58,0x000000070a800000)
 Metaspace       used 51325K, committed 51904K, reserved 888832K
  class space    used 6447K, committed 6720K, reserved 839680K
}
Event: 33.605 GC heap before
{Heap before GC invocations=17 (full 2):
 PSYoungGen      total 260096K, used 251286K [0x00000007aab00000, 0x00000007bb980000, 0x0000000800000000)
  eden space 244224K, 100% used [0x00000007aab00000,0x00000007b9980000,0x00000007b9980000)
  from space 15872K, 44% used [0x00000007baa00000,0x00000007bb0e58c0,0x00000007bb980000)
  to   space 16384K, 0% used [0x00000007b9980000,0x00000007b9980000,0x00000007ba980000)
 ParOldGen       total 172032K, used 58053K [0x0000000700000000, 0x000000070a800000, 0x00000007aab00000)
  object space 172032K, 33% used [0x0000000700000000,0x00000007038b17f0,0x000000070a800000)
 Metaspace       used 51403K, committed 51968K, reserved 888832K
  class space    used 6447K, committed 6720K, reserved 839680K
}
Event: 33.611 GC heap after
{Heap after GC invocations=17 (full 2):
 PSYoungGen      total 260608K, used 12241K [0x00000007aab00000, 0x00000007c4a00000, 0x0000000800000000)
  eden space 244224K, 0% used [0x00000007aab00000,0x00000007aab00000,0x00000007b9980000)
  from space 16384K, 74% used [0x00000007b9980000,0x00000007ba5747c0,0x00000007ba980000)
  to   space 16896K, 0% used [0x00000007c3980000,0x00000007c3980000,0x00000007c4a00000)
 ParOldGen       total 172032K, used 64740K [0x0000000700000000, 0x000000070a800000, 0x00000007aab00000)
  object space 172032K, 37% used [0x0000000700000000,0x0000000703f393e8,0x000000070a800000)
 Metaspace       used 51403K, committed 51968K, reserved 888832K
  class space    used 6447K, committed 6720K, reserved 839680K
}
Event: 33.774 GC heap before
{Heap before GC invocations=18 (full 2):
 PSYoungGen      total 260608K, used 256465K [0x00000007aab00000, 0x00000007c4a00000, 0x0000000800000000)
  eden space 244224K, 100% used [0x00000007aab00000,0x00000007b9980000,0x00000007b9980000)
  from space 16384K, 74% used [0x00000007b9980000,0x00000007ba5747c0,0x00000007ba980000)
  to   space 16896K, 0% used [0x00000007c3980000,0x00000007c3980000,0x00000007c4a00000)
 ParOldGen       total 172032K, used 64740K [0x0000000700000000, 0x000000070a800000, 0x00000007aab00000)
  object space 172032K, 37% used [0x0000000700000000,0x0000000703f393e8,0x000000070a800000)
 Metaspace       used 51416K, committed 51968K, reserved 888832K
  class space    used 6447K, committed 6720K, reserved 839680K
}
Event: 33.780 GC heap after
{Heap after GC invocations=18 (full 2):
 PSYoungGen      total 407552K, used 11041K [0x00000007aab00000, 0x00000007c4b00000, 0x0000000800000000)
  eden space 390656K, 0% used [0x00000007aab00000,0x00000007aab00000,0x00000007c2880000)
  from space 16896K, 65% used [0x00000007c3980000,0x00000007c4448750,0x00000007c4a00000)
  to   space 17408K, 0% used [0x00000007c2880000,0x00000007c2880000,0x00000007c3980000)
 ParOldGen       total 172032K, used 76590K [0x0000000700000000, 0x000000070a800000, 0x00000007aab00000)
  object space 172032K, 44% used [0x0000000700000000,0x0000000704acb8e8,0x000000070a800000)
 Metaspace       used 51416K, committed 51968K, reserved 888832K
  class space    used 6447K, committed 6720K, reserved 839680K
}
Event: 33.989 GC heap before
{Heap before GC invocations=19 (full 2):
 PSYoungGen      total 407552K, used 401697K [0x00000007aab00000, 0x00000007c4b00000, 0x0000000800000000)
  eden space 390656K, 100% used [0x00000007aab00000,0x00000007c2880000,0x00000007c2880000)
  from space 16896K, 65% used [0x00000007c3980000,0x00000007c4448750,0x00000007c4a00000)
  to   space 17408K, 0% used [0x00000007c2880000,0x00000007c2880000,0x00000007c3980000)
 ParOldGen       total 172032K, used 76590K [0x0000000700000000, 0x000000070a800000, 0x00000007aab00000)
  object space 172032K, 44% used [0x0000000700000000,0x0000000704acb8e8,0x000000070a800000)
 Metaspace       used 51436K, committed 51968K, reserved 888832K
  class space    used 6448K, committed 6720K, reserved 839680K
}
Event: 33.999 GC heap after
{Heap after GC invocations=19 (full 2):
 PSYoungGen      total 408064K, used 17396K [0x00000007aab00000, 0x00000007cf080000, 0x0000000800000000)
  eden space 390656K, 0% used [0x00000007aab00000,0x00000007aab00000,0x00000007c2880000)
  from space 17408K, 99% used [0x00000007c2880000,0x00000007c397d128,0x00000007c3980000)
  to   space 24064K, 0% used [0x00000007cd900000,0x00000007cd900000,0x00000007cf080000)
 ParOldGen       total 172032K, used 89214K [0x0000000700000000, 0x000000070a800000, 0x00000007aab00000)
  object space 172032K, 51% used [0x0000000700000000,0x000000070571f998,0x000000070a800000)
 Metaspace       used 51436K, committed 51968K, reserved 888832K
  class space    used 6448K, committed 6720K, reserved 839680K
}
Event: 34.202 GC heap before
{Heap before GC invocations=20 (full 2):
 PSYoungGen      total 408064K, used 408052K [0x00000007aab00000, 0x00000007cf080000, 0x0000000800000000)
  eden space 390656K, 100% used [0x00000007aab00000,0x00000007c2880000,0x00000007c2880000)
  from space 17408K, 99% used [0x00000007c2880000,0x00000007c397d128,0x00000007c3980000)
  to   space 24064K, 0% used [0x00000007cd900000,0x00000007cd900000,0x00000007cf080000)
 ParOldGen       total 172032K, used 89214K [0x0000000700000000, 0x000000070a800000, 0x00000007aab00000)
  object space 172032K, 51% used [0x0000000700000000,0x000000070571f998,0x000000070a800000)
 Metaspace       used 51441K, committed 51968K, reserved 888832K
  class space    used 6448K, committed 6720K, reserved 839680K
}
Event: 34.213 GC heap after
{Heap after GC invocations=20 (full 2):
 PSYoungGen      total 570368K, used 17113K [0x00000007aab00000, 0x00000007cf280000, 0x0000000800000000)
  eden space 546304K, 0% used [0x00000007aab00000,0x00000007aab00000,0x00000007cc080000)
  from space 24064K, 71% used [0x00000007cd900000,0x00000007ce9b6608,0x00000007cf080000)
  to   space 25088K, 0% used [0x00000007cc080000,0x00000007cc080000,0x00000007cd900000)
 ParOldGen       total 172032K, used 106373K [0x0000000700000000, 0x000000070a800000, 0x00000007aab00000)
  object space 172032K, 61% used [0x0000000700000000,0x00000007067e14f0,0x000000070a800000)
 Metaspace       used 51441K, committed 51968K, reserved 888832K
  class space    used 6448K, committed 6720K, reserved 839680K
}
Event: 34.463 GC heap before
{Heap before GC invocations=21 (full 2):
 PSYoungGen      total 570368K, used 563417K [0x00000007aab00000, 0x00000007cf280000, 0x0000000800000000)
  eden space 546304K, 100% used [0x00000007aab00000,0x00000007cc080000,0x00000007cc080000)
  from space 24064K, 71% used [0x00000007cd900000,0x00000007ce9b6608,0x00000007cf080000)
  to   space 25088K, 0% used [0x00000007cc080000,0x00000007cc080000,0x00000007cd900000)
 ParOldGen       total 172032K, used 106373K [0x0000000700000000, 0x000000070a800000, 0x00000007aab00000)
  object space 172032K, 61% used [0x0000000700000000,0x00000007067e1508,0x000000070a800000)
 Metaspace       used 51452K, committed 51968K, reserved 888832K
  class space    used 6448K, committed 6720K, reserved 839680K
}
Event: 34.475 GC heap after
{Heap after GC invocations=21 (full 2):
 PSYoungGen      total 571392K, used 25087K [0x00000007aab00000, 0x00000007d0680000, 0x0000000800000000)
  eden space 546304K, 0% used [0x00000007aab00000,0x00000007aab00000,0x00000007cc080000)
  from space 25088K, 99% used [0x00000007cc080000,0x00000007cd8ffe70,0x00000007cd900000)
  to   space 35328K, 0% used [0x00000007ce400000,0x00000007ce400000,0x00000007d0680000)
 ParOldGen       total 172032K, used 124747K [0x0000000700000000, 0x000000070a800000, 0x00000007aab00000)
  object space 172032K, 72% used [0x0000000700000000,0x00000007079d2ef0,0x000000070a800000)
 Metaspace       used 51452K, committed 51968K, reserved 888832K
  class space    used 6448K, committed 6720K, reserved 839680K
}
Event: 34.713 GC heap before
{Heap before GC invocations=22 (full 2):
 PSYoungGen      total 571392K, used 571391K [0x00000007aab00000, 0x00000007d0680000, 0x0000000800000000)
  eden space 546304K, 100% used [0x00000007aab00000,0x00000007cc080000,0x00000007cc080000)
  from space 25088K, 99% used [0x00000007cc080000,0x00000007cd8ffe70,0x00000007cd900000)
  to   space 35328K, 0% used [0x00000007ce400000,0x00000007ce400000,0x00000007d0680000)
 ParOldGen       total 172032K, used 124754K [0x0000000700000000, 0x000000070a800000, 0x00000007aab00000)
  object space 172032K, 72% used [0x0000000700000000,0x00000007079d4940,0x000000070a800000)
 Metaspace       used 51468K, committed 52032K, reserved 888832K
  class space    used 6448K, committed 6720K, reserved 839680K
}
Event: 35.125 GC heap after
{Heap after GC invocations=22 (full 2):
 PSYoungGen      total 579584K, used 28404K [0x00000007aab00000, 0x00000007de100000, 0x0000000800000000)
  eden space 544256K, 0% used [0x00000007aab00000,0x00000007aab00000,0x00000007cbe80000)
  from space 35328K, 80% used [0x00000007ce400000,0x00000007cffbd138,0x00000007d0680000)
  to   space 38400K, 0% used [0x00000007cbe80000,0x00000007cbe80000,0x00000007ce400000)
 ParOldGen       total 172032K, used 149757K [0x0000000700000000, 0x000000070a800000, 0x00000007aab00000)
  object space 172032K, 87% used [0x0000000700000000,0x000000070923f430,0x000000070a800000)
 Metaspace       used 51468K, committed 52032K, reserved 888832K
  class space    used 6448K, committed 6720K, reserved 839680K
}
Event: 35.125 GC heap before
{Heap before GC invocations=23 (full 3):
 PSYoungGen      total 579584K, used 28404K [0x00000007aab00000, 0x00000007de100000, 0x0000000800000000)
  eden space 544256K, 0% used [0x00000007aab00000,0x00000007aab00000,0x00000007cbe80000)
  from space 35328K, 80% used [0x00000007ce400000,0x00000007cffbd138,0x00000007d0680000)
  to   space 38400K, 0% used [0x00000007cbe80000,0x00000007cbe80000,0x00000007ce400000)
 ParOldGen       total 172032K, used 149757K [0x0000000700000000, 0x000000070a800000, 0x00000007aab00000)
  object space 172032K, 87% used [0x0000000700000000,0x000000070923f430,0x000000070a800000)
 Metaspace       used 51468K, committed 52032K, reserved 888832K
  class space    used 6448K, committed 6720K, reserved 839680K
}
Event: 35.166 GC heap after
{Heap after GC invocations=23 (full 3):
 PSYoungGen      total 582656K, used 0K [0x00000007aab00000, 0x00000007db300000, 0x0000000800000000)
  eden space 544256K, 0% used [0x00000007aab00000,0x00000007aab00000,0x00000007cbe80000)
  from space 38400K, 0% used [0x00000007cbe80000,0x00000007cbe80000,0x00000007ce400000)
  to   space 38400K, 0% used [0x00000007d8d80000,0x00000007d8d80000,0x00000007db300000)
 ParOldGen       total 176128K, used 71545K [0x0000000700000000, 0x000000070ac00000, 0x00000007aab00000)
  object space 176128K, 40% used [0x0000000700000000,0x00000007045de680,0x000000070ac00000)
 Metaspace       used 51468K, committed 52032K, reserved 888832K
  class space    used 6448K, committed 6720K, reserved 839680K
}
Event: 35.421 GC heap before
{Heap before GC invocations=24 (full 3):
 PSYoungGen      total 582656K, used 544256K [0x00000007aab00000, 0x00000007db300000, 0x0000000800000000)
  eden space 544256K, 100% used [0x00000007aab00000,0x00000007cbe80000,0x00000007cbe80000)
  from space 38400K, 0% used [0x00000007cbe80000,0x00000007cbe80000,0x00000007ce400000)
  to   space 38400K, 0% used [0x00000007d8d80000,0x00000007d8d80000,0x00000007db300000)
 ParOldGen       total 176128K, used 71545K [0x0000000700000000, 0x000000070ac00000, 0x00000007aab00000)
  object space 176128K, 40% used [0x0000000700000000,0x00000007045de680,0x000000070ac00000)
 Metaspace       used 51468K, committed 52032K, reserved 888832K
  class space    used 6448K, committed 6720K, reserved 839680K
}
Event: 35.427 GC heap after
{Heap after GC invocations=24 (full 3):
 PSYoungGen      total 741888K, used 25105K [0x00000007aab00000, 0x00000007dad00000, 0x0000000800000000)
  eden space 709632K, 0% used [0x00000007aab00000,0x00000007aab00000,0x00000007d6000000)
  from space 32256K, 77% used [0x00000007d8d80000,0x00000007da604708,0x00000007dad00000)
  to   space 39424K, 0% used [0x00000007d6000000,0x00000007d6000000,0x00000007d8680000)
 ParOldGen       total 176128K, used 71553K [0x0000000700000000, 0x000000070ac00000, 0x00000007aab00000)
  object space 176128K, 40% used [0x0000000700000000,0x00000007045e0680,0x000000070ac00000)
 Metaspace       used 51468K, committed 52032K, reserved 888832K
  class space    used 6448K, committed 6720K, reserved 839680K
}
Event: 36.590 GC heap before
{Heap before GC invocations=25 (full 3):
 PSYoungGen      total 741888K, used 734737K [0x00000007aab00000, 0x00000007dad00000, 0x0000000800000000)
  eden space 709632K, 100% used [0x00000007aab00000,0x00000007d6000000,0x00000007d6000000)
  from space 32256K, 77% used [0x00000007d8d80000,0x00000007da604708,0x00000007dad00000)
  to   space 39424K, 0% used [0x00000007d6000000,0x00000007d6000000,0x00000007d8680000)
 ParOldGen       total 176128K, used 71553K [0x0000000700000000, 0x000000070ac00000, 0x00000007aab00000)
  object space 176128K, 40% used [0x0000000700000000,0x00000007045e0680,0x000000070ac00000)
 Metaspace       used 52250K, committed 52736K, reserved 888832K
  class space    used 6572K, committed 6784K, reserved 839680K
}
Event: 37.587 GC heap after
{Heap after GC invocations=25 (full 3):
 PSYoungGen      total 749056K, used 39393K [0x00000007aab00000, 0x00000007e9800000, 0x0000000800000000)
  eden space 709632K, 0% used [0x00000007aab00000,0x00000007aab00000,0x00000007d6000000)
  from space 39424K, 99% used [0x00000007d6000000,0x00000007d8678698,0x00000007d8680000)
  to   space 57856K, 0% used [0x00000007e5f80000,0x00000007e5f80000,0x00000007e9800000)
 ParOldGen       total 176128K, used 104977K [0x0000000700000000, 0x000000070ac00000, 0x00000007aab00000)
  object space 176128K, 59% used [0x0000000700000000,0x00000007066845a8,0x000000070ac00000)
 Metaspace       used 52250K, committed 52736K, reserved 888832K
  class space    used 6572K, committed 6784K, reserved 839680K
}

