# JRE version: OpenJDK Runtime Environment (21.0.10) (build 21.0.10+-14961533-b1163.108)
# Java VM: OpenJDK 64-Bit Server VM (21.0.10+-14961533-b1163.108, mixed mode, tiered, compressed oops, compressed class ptrs, parallel gc, windows-amd64)
GC Precious Log:
 CardTable entry size: 512
 CPUs: 12 total, 12 available
 Memory: 16052M
 Large Page Support: Disabled
 NUMA Support: Disabled
 Compressed Oops: Enabled (32-bit)
 Alignments: Space 512K, Generation 512K, Heap 2M
 Heap Min Capacity: 8M
 Heap Initial Capacity: 252M
 Heap Max Capacity: 2G
 Pre-touch: Disabled
 Parallel Workers: 10
Heap:
 PSYoungGen      total 587264K, used 69609K [0x00000000d5580000, 0x0000000100000000, 0x0000000100000000)
  eden space 475648K, 6% used [0x00000000d5580000,0x00000000d715fdc0,0x00000000f2600000)
  from space 111616K, 36% used [0x00000000f2600000,0x00000000f4e1a7e8,0x00000000f9300000)
  to   space 105472K, 0% used [0x00000000f9900000,0x00000000f9900000,0x0000000100000000)
 ParOldGen       total 759296K, used 759191K [0x0000000080000000, 0x00000000ae580000, 0x00000000d5580000)
  object space 759296K, 99% used [0x0000000080000000,0x00000000ae565ce8,0x00000000ae580000)
 Metaspace       used 233588K, committed 236352K, reserved 1114112K
  class space    used 29710K, committed 31040K, reserved 851968K
GC Heap History (20 events):
Event: 42.854 GC heap before
{Heap before GC invocations=56 (full 8):
 PSYoungGen      total 431104K, used 382753K [0x00000000d5580000, 0x00000000f9f80000, 0x0000000100000000)
  eden space 368640K, 100% used [0x00000000d5580000,0x00000000ebd80000,0x00000000ebd80000)
  from space 62464K, 22% used [0x00000000ebd80000,0x00000000ecb484a8,0x00000000efa80000)
  to   space 60416K, 0% used [0x00000000f6480000,0x00000000f6480000,0x00000000f9f80000)
 ParOldGen       total 509440K, used 508979K [0x0000000080000000, 0x000000009f180000, 0x00000000d5580000)
  object space 509440K, 99% used [0x0000000080000000,0x000000009f10ceb0,0x000000009f180000)
 Metaspace       used 222059K, committed 224832K, reserved 1048576K
  class space    used 28338K, committed 29696K, reserved 851968K
}
Event: 42.860 GC heap after
{Heap after GC invocations=56 (full 8):
 PSYoungGen      total 537600K, used 4272K [0x00000000d5580000, 0x00000000f9d80000, 0x0000000100000000)
  eden space 479232K, 0% used [0x00000000d5580000,0x00000000d5580000,0x00000000f2980000)
  from space 58368K, 7% used [0x00000000f6480000,0x00000000f68ac018,0x00000000f9d80000)
  to   space 59392K, 0% used [0x00000000f2980000,0x00000000f2980000,0x00000000f6380000)
 ParOldGen       total 517120K, used 516953K [0x0000000080000000, 0x000000009f900000, 0x00000000d5580000)
  object space 517120K, 99% used [0x0000000080000000,0x000000009f8d65d0,0x000000009f900000)
 Metaspace       used 222059K, committed 224832K, reserved 1048576K
  class space    used 28338K, committed 29696K, reserved 851968K
}
Event: 43.602 GC heap before
{Heap before GC invocations=57 (full 8):
 PSYoungGen      total 537600K, used 97469K [0x00000000d5580000, 0x00000000f9d80000, 0x0000000100000000)
  eden space 479232K, 19% used [0x00000000d5580000,0x00000000db0834d8,0x00000000f2980000)
  from space 58368K, 7% used [0x00000000f6480000,0x00000000f68ac018,0x00000000f9d80000)
  to   space 59392K, 0% used [0x00000000f2980000,0x00000000f2980000,0x00000000f6380000)
 ParOldGen       total 517120K, used 516953K [0x0000000080000000, 0x000000009f900000, 0x00000000d5580000)
  object space 517120K, 99% used [0x0000000080000000,0x000000009f8d65d0,0x000000009f900000)
 Metaspace       used 223919K, committed 226624K, reserved 1114112K
  class space    used 28569K, committed 29888K, reserved 851968K
}
Event: 43.611 GC heap after
{Heap after GC invocations=57 (full 8):
 PSYoungGen      total 494080K, used 14568K [0x00000000d5580000, 0x00000000f9880000, 0x0000000100000000)
  eden space 479232K, 0% used [0x00000000d5580000,0x00000000d5580000,0x00000000f2980000)
  from space 14848K, 98% used [0x00000000f2980000,0x00000000f37ba190,0x00000000f3800000)
  to   space 56832K, 0% used [0x00000000f6100000,0x00000000f6100000,0x00000000f9880000)
 ParOldGen       total 521216K, used 521024K [0x0000000080000000, 0x000000009fd00000, 0x00000000d5580000)
  object space 521216K, 99% used [0x0000000080000000,0x000000009fcd0190,0x000000009fd00000)
 Metaspace       used 223919K, committed 226624K, reserved 1114112K
  class space    used 28569K, committed 29888K, reserved 851968K
}
Event: 43.611 GC heap before
{Heap before GC invocations=58 (full 9):
 PSYoungGen      total 494080K, used 14568K [0x00000000d5580000, 0x00000000f9880000, 0x0000000100000000)
  eden space 479232K, 0% used [0x00000000d5580000,0x00000000d5580000,0x00000000f2980000)
  from space 14848K, 98% used [0x00000000f2980000,0x00000000f37ba190,0x00000000f3800000)
  to   space 56832K, 0% used [0x00000000f6100000,0x00000000f6100000,0x00000000f9880000)
 ParOldGen       total 521216K, used 521024K [0x0000000080000000, 0x000000009fd00000, 0x00000000d5580000)
  object space 521216K, 99% used [0x0000000080000000,0x000000009fcd0190,0x000000009fd00000)
 Metaspace       used 223919K, committed 226624K, reserved 1114112K
  class space    used 28569K, committed 29888K, reserved 851968K
}
Event: 44.023 GC heap after
{Heap after GC invocations=58 (full 9):
 PSYoungGen      total 494080K, used 8779K [0x00000000d5580000, 0x00000000f9880000, 0x0000000100000000)
  eden space 479232K, 0% used [0x00000000d5580000,0x00000000d5580000,0x00000000f2980000)
  from space 14848K, 59% used [0x00000000f2980000,0x00000000f3212c18,0x00000000f3800000)
  to   space 56832K, 0% used [0x00000000f6100000,0x00000000f6100000,0x00000000f9880000)
 ParOldGen       total 521216K, used 520718K [0x0000000080000000, 0x000000009fd00000, 0x00000000d5580000)
  object space 521216K, 99% used [0x0000000080000000,0x000000009fc838e0,0x000000009fd00000)
 Metaspace       used 223919K, committed 226624K, reserved 1114112K
  class space    used 28569K, committed 29888K, reserved 851968K
}
Event: 46.358 GC heap before
{Heap before GC invocations=59 (full 9):
 PSYoungGen      total 494080K, used 488011K [0x00000000d5580000, 0x00000000f9880000, 0x0000000100000000)
  eden space 479232K, 100% used [0x00000000d5580000,0x00000000f2980000,0x00000000f2980000)
  from space 14848K, 59% used [0x00000000f2980000,0x00000000f3212c18,0x00000000f3800000)
  to   space 56832K, 0% used [0x00000000f6100000,0x00000000f6100000,0x00000000f9880000)
 ParOldGen       total 521216K, used 520718K [0x0000000080000000, 0x000000009fd00000, 0x00000000d5580000)
  object space 521216K, 99% used [0x0000000080000000,0x000000009fc838e0,0x000000009fd00000)
 Metaspace       used 225993K, committed 228800K, reserved 1114112K
  class space    used 28764K, committed 30144K, reserved 851968K
}
Event: 46.412 GC heap after
{Heap after GC invocations=59 (full 9):
 PSYoungGen      total 527872K, used 51913K [0x00000000d5580000, 0x0000000100000000, 0x0000000100000000)
  eden space 471040K, 0% used [0x00000000d5580000,0x00000000d5580000,0x00000000f2180000)
  from space 56832K, 91% used [0x00000000f6100000,0x00000000f93b26e0,0x00000000f9880000)
  to   space 65024K, 0% used [0x00000000f2180000,0x00000000f2180000,0x00000000f6100000)
 ParOldGen       total 529920K, used 529528K [0x0000000080000000, 0x00000000a0580000, 0x00000000d5580000)
  object space 529920K, 99% used [0x0000000080000000,0x00000000a051e310,0x00000000a0580000)
 Metaspace       used 225993K, committed 228800K, reserved 1114112K
  class space    used 28764K, committed 30144K, reserved 851968K
}
Event: 49.039 GC heap before
{Heap before GC invocations=60 (full 9):
 PSYoungGen      total 527872K, used 522953K [0x00000000d5580000, 0x0000000100000000, 0x0000000100000000)
  eden space 471040K, 100% used [0x00000000d5580000,0x00000000f2180000,0x00000000f2180000)
  from space 56832K, 91% used [0x00000000f6100000,0x00000000f93b26e0,0x00000000f9880000)
  to   space 65024K, 0% used [0x00000000f2180000,0x00000000f2180000,0x00000000f6100000)
 ParOldGen       total 529920K, used 529528K [0x0000000080000000, 0x00000000a0580000, 0x00000000d5580000)
  object space 529920K, 99% used [0x0000000080000000,0x00000000a051e310,0x00000000a0580000)
 Metaspace       used 228895K, committed 231680K, reserved 1114112K
  class space    used 29132K, committed 30464K, reserved 851968K
}
Event: 49.069 GC heap after
{Heap after GC invocations=60 (full 9):
 PSYoungGen      total 536064K, used 24608K [0x00000000d5580000, 0x0000000100000000, 0x0000000100000000)
  eden space 471040K, 0% used [0x00000000d5580000,0x00000000d5580000,0x00000000f2180000)
  from space 65024K, 37% used [0x00000000f2180000,0x00000000f3988020,0x00000000f6100000)
  to   space 61440K, 0% used [0x00000000fc400000,0x00000000fc400000,0x0000000100000000)
 ParOldGen       total 581632K, used 581311K [0x0000000080000000, 0x00000000a3800000, 0x00000000d5580000)
  object space 581632K, 99% used [0x0000000080000000,0x00000000a37afff0,0x00000000a3800000)
 Metaspace       used 228895K, committed 231680K, reserved 1114112K
  class space    used 29132K, committed 30464K, reserved 851968K
}
Event: 49.751 GC heap before
{Heap before GC invocations=61 (full 9):
 PSYoungGen      total 536064K, used 100944K [0x00000000d5580000, 0x0000000100000000, 0x0000000100000000)
  eden space 471040K, 16% used [0x00000000d5580000,0x00000000da00c030,0x00000000f2180000)
  from space 65024K, 37% used [0x00000000f2180000,0x00000000f3988020,0x00000000f6100000)
  to   space 61440K, 0% used [0x00000000fc400000,0x00000000fc400000,0x0000000100000000)
 ParOldGen       total 581632K, used 581311K [0x0000000080000000, 0x00000000a3800000, 0x00000000d5580000)
  object space 581632K, 99% used [0x0000000080000000,0x00000000a37afff0,0x00000000a3800000)
 Metaspace       used 228982K, committed 231744K, reserved 1114112K
  class space    used 29132K, committed 30464K, reserved 851968K
}
Event: 49.770 GC heap after
{Heap after GC invocations=61 (full 9):
 PSYoungGen      total 634368K, used 16064K [0x00000000d5580000, 0x00000000ffc00000, 0x0000000100000000)
  eden space 577024K, 0% used [0x00000000d5580000,0x00000000d5580000,0x00000000f8900000)
  from space 57344K, 28% used [0x00000000fc400000,0x00000000fd3b0010,0x00000000ffc00000)
  to   space 58880K, 0% used [0x00000000f8900000,0x00000000f8900000,0x00000000fc280000)
 ParOldGen       total 606208K, used 605732K [0x0000000080000000, 0x00000000a5000000, 0x00000000d5580000)
  object space 606208K, 99% used [0x0000000080000000,0x00000000a4f89358,0x00000000a5000000)
 Metaspace       used 228982K, committed 231744K, reserved 1114112K
  class space    used 29132K, committed 30464K, reserved 851968K
}
Event: 49.770 GC heap before
{Heap before GC invocations=62 (full 10):
 PSYoungGen      total 634368K, used 16064K [0x00000000d5580000, 0x00000000ffc00000, 0x0000000100000000)
  eden space 577024K, 0% used [0x00000000d5580000,0x00000000d5580000,0x00000000f8900000)
  from space 57344K, 28% used [0x00000000fc400000,0x00000000fd3b0010,0x00000000ffc00000)
  to   space 58880K, 0% used [0x00000000f8900000,0x00000000f8900000,0x00000000fc280000)
 ParOldGen       total 606208K, used 605732K [0x0000000080000000, 0x00000000a5000000, 0x00000000d5580000)
  object space 606208K, 99% used [0x0000000080000000,0x00000000a4f89358,0x00000000a5000000)
 Metaspace       used 228982K, committed 231744K, reserved 1114112K
  class space    used 29132K, committed 30464K, reserved 851968K
}
Event: 50.268 GC heap after
{Heap after GC invocations=62 (full 10):
 PSYoungGen      total 634368K, used 0K [0x00000000d5580000, 0x00000000ffc00000, 0x0000000100000000)
  eden space 577024K, 0% used [0x00000000d5580000,0x00000000d5580000,0x00000000f8900000)
  from space 57344K, 0% used [0x00000000fc400000,0x00000000fc400000,0x00000000ffc00000)
  to   space 58880K, 0% used [0x00000000f8900000,0x00000000f8900000,0x00000000fc280000)
 ParOldGen       total 606208K, used 599247K [0x0000000080000000, 0x00000000a5000000, 0x00000000d5580000)
  object space 606208K, 98% used [0x0000000080000000,0x00000000a4933e50,0x00000000a5000000)
 Metaspace       used 228982K, committed 231744K, reserved 1114112K
  class space    used 29132K, committed 30464K, reserved 851968K
}
Event: 53.029 GC heap before
{Heap before GC invocations=63 (full 10):
 PSYoungGen      total 634368K, used 577024K [0x00000000d5580000, 0x00000000ffc00000, 0x0000000100000000)
  eden space 577024K, 100% used [0x00000000d5580000,0x00000000f8900000,0x00000000f8900000)
  from space 57344K, 0% used [0x00000000fc400000,0x00000000fc400000,0x00000000ffc00000)
  to   space 58880K, 0% used [0x00000000f8900000,0x00000000f8900000,0x00000000fc280000)
 ParOldGen       total 606208K, used 599247K [0x0000000080000000, 0x00000000a5000000, 0x00000000d5580000)
  object space 606208K, 98% used [0x0000000080000000,0x00000000a4933e50,0x00000000a5000000)
 Metaspace       used 230214K, committed 232960K, reserved 1114112K
  class space    used 29272K, committed 30592K, reserved 851968K
}
Event: 53.064 GC heap after
{Heap after GC invocations=63 (full 10):
 PSYoungGen      total 635904K, used 58856K [0x00000000d5580000, 0x0000000100000000, 0x0000000100000000)
  eden space 577024K, 0% used [0x00000000d5580000,0x00000000d5580000,0x00000000f8900000)
  from space 58880K, 99% used [0x00000000f8900000,0x00000000fc27a030,0x00000000fc280000)
  to   space 62976K, 0% used [0x00000000fc280000,0x00000000fc280000,0x0000000100000000)
 ParOldGen       total 632832K, used 632653K [0x0000000080000000, 0x00000000a6a00000, 0x00000000d5580000)
  object space 632832K, 99% used [0x0000000080000000,0x00000000a69d34f0,0x00000000a6a00000)
 Metaspace       used 230214K, committed 232960K, reserved 1114112K
  class space    used 29272K, committed 30592K, reserved 851968K
}
Event: 54.644 GC heap before
{Heap before GC invocations=64 (full 10):
 PSYoungGen      total 635904K, used 635880K [0x00000000d5580000, 0x0000000100000000, 0x0000000100000000)
  eden space 577024K, 100% used [0x00000000d5580000,0x00000000f8900000,0x00000000f8900000)
  from space 58880K, 99% used [0x00000000f8900000,0x00000000fc27a030,0x00000000fc280000)
  to   space 62976K, 0% used [0x00000000fc280000,0x00000000fc280000,0x0000000100000000)
 ParOldGen       total 632832K, used 632653K [0x0000000080000000, 0x00000000a6a00000, 0x00000000d5580000)
  object space 632832K, 99% used [0x0000000080000000,0x00000000a69d34f0,0x00000000a6a00000)
 Metaspace       used 230822K, committed 233600K, reserved 1114112K
  class space    used 29308K, committed 30656K, reserved 851968K
}
Event: 54.706 GC heap after
{Heap after GC invocations=64 (full 10):
 PSYoungGen      total 538624K, used 62965K [0x00000000d5580000, 0x0000000100000000, 0x0000000100000000)
  eden space 475648K, 0% used [0x00000000d5580000,0x00000000d5580000,0x00000000f2600000)
  from space 62976K, 99% used [0x00000000fc280000,0x00000000ffffd468,0x0000000100000000)
  to   space 111616K, 0% used [0x00000000f2600000,0x00000000f2600000,0x00000000f9300000)
 ParOldGen       total 696832K, used 696667K [0x0000000080000000, 0x00000000aa880000, 0x00000000d5580000)
  object space 696832K, 99% used [0x0000000080000000,0x00000000aa856ea8,0x00000000aa880000)
 Metaspace       used 230822K, committed 233600K, reserved 1114112K
  class space    used 29308K, committed 30656K, reserved 851968K
}
Event: 56.309 GC heap before
{Heap before GC invocations=65 (full 10):
 PSYoungGen      total 538624K, used 538613K [0x00000000d5580000, 0x0000000100000000, 0x0000000100000000)
  eden space 475648K, 100% used [0x00000000d5580000,0x00000000f2600000,0x00000000f2600000)
  from space 62976K, 99% used [0x00000000fc280000,0x00000000ffffd468,0x0000000100000000)
  to   space 111616K, 0% used [0x00000000f2600000,0x00000000f2600000,0x00000000f9300000)
 ParOldGen       total 696832K, used 696667K [0x0000000080000000, 0x00000000aa880000, 0x00000000d5580000)
  object space 696832K, 99% used [0x0000000080000000,0x00000000aa856ea8,0x00000000aa880000)
 Metaspace       used 233515K, committed 236288K, reserved 1114112K
  class space    used 29706K, committed 31040K, reserved 851968K
}
Event: 56.355 GC heap after
{Heap after GC invocations=65 (full 10):
 PSYoungGen      total 587264K, used 41065K [0x00000000d5580000, 0x0000000100000000, 0x0000000100000000)
  eden space 475648K, 0% used [0x00000000d5580000,0x00000000d5580000,0x00000000f2600000)
  from space 111616K, 36% used [0x00000000f2600000,0x00000000f4e1a7e8,0x00000000f9300000)
  to   space 105472K, 0% used [0x00000000f9900000,0x00000000f9900000,0x0000000100000000)
 ParOldGen       total 759296K, used 759191K [0x0000000080000000, 0x00000000ae580000, 0x00000000d5580000)
  object space 759296K, 99% used [0x0000000080000000,0x00000000ae565ce8,0x00000000ae580000)
 Metaspace       used 233515K, committed 236288K, reserved 1114112K
  class space    used 29706K, committed 31040K, reserved 851968K
}

