# JRE version: OpenJDK Runtime Environment (21.0.10) (build 21.0.10+-14961533-b1163.108)
# Java VM: OpenJDK 64-Bit Server VM (21.0.10+-14961533-b1163.108, mixed mode, tiered, compressed oops, compressed class ptrs, parallel gc, windows-amd64)
GC Precious Log:
 CardTable entry size: 512
 CPUs: 12 total, 12 available
 Memory: 16052M
 Large Page Support: Disabled
 NUMA Support: Disabled
 Compressed Oops: Enabled (Zero based)
 Alignments: Space 512K, Generation 512K, Heap 2M
 Heap Min Capacity: 8M
 Heap Initial Capacity: 252M
 Heap Max Capacity: 4G
 Pre-touch: Disabled
 Parallel Workers: 10
Heap:
 PSYoungGen      total 1207296K, used 330405K [0x00000007aab00000, 0x0000000800000000, 0x0000000800000000)
  eden space 1115136K, 21% used [0x00000007aab00000,0x00000007b93b0a58,0x00000007eec00000)
  from space 92160K, 99% used [0x00000007fa600000,0x00000007ffff8b88,0x0000000800000000)
  to   space 141312K, 0% used [0x00000007eec00000,0x00000007eec00000,0x00000007f7600000)
 ParOldGen       total 1521152K, used 692871K [0x0000000700000000, 0x000000075cd80000, 0x00000007aab00000)
  object space 1521152K, 45% used [0x0000000700000000,0x000000072a4a1ea0,0x000000075cd80000)
 Metaspace       used 273660K, committed 276992K, reserved 1114112K
  class space    used 35113K, committed 36800K, reserved 851968K
GC Heap History (20 events):
Event: 397.652 GC heap before
{Heap before GC invocations=218 (full 7):
 PSYoungGen      total 1317888K, used 1249280K [0x00000007aab00000, 0x00000007ff900000, 0x0000000800000000)
  eden space 1249280K, 100% used [0x00000007aab00000,0x00000007f6f00000,0x00000007f6f00000)
  from space 68608K, 0% used [0x00000007fb600000,0x00000007fb600000,0x00000007ff900000)
  to   space 70656K, 0% used [0x00000007f6f00000,0x00000007f6f00000,0x00000007fb400000)
 ParOldGen       total 1521152K, used 474010K [0x0000000700000000, 0x000000075cd80000, 0x00000007aab00000)
  object space 1521152K, 31% used [0x0000000700000000,0x000000071cee6a70,0x000000075cd80000)
 Metaspace       used 262549K, committed 265856K, reserved 1114112K
  class space    used 33996K, committed 35648K, reserved 851968K
}
Event: 397.660 GC heap after
{Heap after GC invocations=218 (full 7):
 PSYoungGen      total 1319936K, used 21295K [0x00000007aab00000, 0x00000007ffc00000, 0x0000000800000000)
  eden space 1249280K, 0% used [0x00000007aab00000,0x00000007aab00000,0x00000007f6f00000)
  from space 70656K, 30% used [0x00000007f6f00000,0x00000007f83cbd48,0x00000007fb400000)
  to   space 67584K, 0% used [0x00000007fba00000,0x00000007fba00000,0x00000007ffc00000)
 ParOldGen       total 1521152K, used 474018K [0x0000000700000000, 0x000000075cd80000, 0x00000007aab00000)
  object space 1521152K, 31% used [0x0000000700000000,0x000000071cee8a70,0x000000075cd80000)
 Metaspace       used 262549K, committed 265856K, reserved 1114112K
  class space    used 33996K, committed 35648K, reserved 851968K
}
Event: 398.916 GC heap before
{Heap before GC invocations=219 (full 7):
 PSYoungGen      total 1319936K, used 1270575K [0x00000007aab00000, 0x00000007ffc00000, 0x0000000800000000)
  eden space 1249280K, 100% used [0x00000007aab00000,0x00000007f6f00000,0x00000007f6f00000)
  from space 70656K, 30% used [0x00000007f6f00000,0x00000007f83cbd48,0x00000007fb400000)
  to   space 67584K, 0% used [0x00000007fba00000,0x00000007fba00000,0x00000007ffc00000)
 ParOldGen       total 1521152K, used 474018K [0x0000000700000000, 0x000000075cd80000, 0x00000007aab00000)
  object space 1521152K, 31% used [0x0000000700000000,0x000000071cee8a70,0x000000075cd80000)
 Metaspace       used 264313K, committed 267584K, reserved 1114112K
  class space    used 34140K, committed 35776K, reserved 851968K
}
Event: 398.929 GC heap after
{Heap after GC invocations=219 (full 7):
 PSYoungGen      total 1321984K, used 20775K [0x00000007aab00000, 0x00000007ff700000, 0x0000000800000000)
  eden space 1259520K, 0% used [0x00000007aab00000,0x00000007aab00000,0x00000007f7900000)
  from space 62464K, 33% used [0x00000007fba00000,0x00000007fce49f90,0x00000007ff700000)
  to   space 64512K, 0% used [0x00000007f7900000,0x00000007f7900000,0x00000007fb800000)
 ParOldGen       total 1521152K, used 487477K [0x0000000700000000, 0x000000075cd80000, 0x00000007aab00000)
  object space 1521152K, 32% used [0x0000000700000000,0x000000071dc0d630,0x000000075cd80000)
 Metaspace       used 264313K, committed 267584K, reserved 1114112K
  class space    used 34140K, committed 35776K, reserved 851968K
}
Event: 400.012 GC heap before
{Heap before GC invocations=220 (full 7):
 PSYoungGen      total 1321984K, used 1280295K [0x00000007aab00000, 0x00000007ff700000, 0x0000000800000000)
  eden space 1259520K, 100% used [0x00000007aab00000,0x00000007f7900000,0x00000007f7900000)
  from space 62464K, 33% used [0x00000007fba00000,0x00000007fce49f90,0x00000007ff700000)
  to   space 64512K, 0% used [0x00000007f7900000,0x00000007f7900000,0x00000007fb800000)
 ParOldGen       total 1521152K, used 487477K [0x0000000700000000, 0x000000075cd80000, 0x00000007aab00000)
  object space 1521152K, 32% used [0x0000000700000000,0x000000071dc0d630,0x000000075cd80000)
 Metaspace       used 265329K, committed 268608K, reserved 1114112K
  class space    used 34239K, committed 35904K, reserved 851968K
}
Event: 400.024 GC heap after
{Heap after GC invocations=220 (full 7):
 PSYoungGen      total 1324032K, used 27552K [0x00000007aab00000, 0x00000007ffb00000, 0x0000000800000000)
  eden space 1259520K, 0% used [0x00000007aab00000,0x00000007aab00000,0x00000007f7900000)
  from space 64512K, 42% used [0x00000007f7900000,0x00000007f93e81f8,0x00000007fb800000)
  to   space 60928K, 0% used [0x00000007fbf80000,0x00000007fbf80000,0x00000007ffb00000)
 ParOldGen       total 1521152K, used 500547K [0x0000000700000000, 0x000000075cd80000, 0x00000007aab00000)
  object space 1521152K, 32% used [0x0000000700000000,0x000000071e8d0e50,0x000000075cd80000)
 Metaspace       used 265329K, committed 268608K, reserved 1114112K
  class space    used 34239K, committed 35904K, reserved 851968K
}
Event: 400.733 GC heap before
{Heap before GC invocations=221 (full 7):
 PSYoungGen      total 1324032K, used 1078894K [0x00000007aab00000, 0x00000007ffb00000, 0x0000000800000000)
  eden space 1259520K, 83% used [0x00000007aab00000,0x00000007eadb3830,0x00000007f7900000)
  from space 64512K, 42% used [0x00000007f7900000,0x00000007f93e81f8,0x00000007fb800000)
  to   space 60928K, 0% used [0x00000007fbf80000,0x00000007fbf80000,0x00000007ffb00000)
 ParOldGen       total 1521152K, used 500547K [0x0000000700000000, 0x000000075cd80000, 0x00000007aab00000)
  object space 1521152K, 32% used [0x0000000700000000,0x000000071e8d0e50,0x000000075cd80000)
 Metaspace       used 265664K, committed 268992K, reserved 1114112K
  class space    used 34243K, committed 35904K, reserved 851968K
}
Event: 400.745 GC heap after
{Heap after GC invocations=221 (full 7):
 PSYoungGen      total 1327616K, used 19881K [0x00000007aab00000, 0x00000007ff700000, 0x0000000800000000)
  eden space 1270784K, 0% used [0x00000007aab00000,0x00000007aab00000,0x00000007f8400000)
  from space 56832K, 34% used [0x00000007fbf80000,0x00000007fd2ea6b8,0x00000007ff700000)
  to   space 58880K, 0% used [0x00000007f8400000,0x00000007f8400000,0x00000007fbd80000)
 ParOldGen       total 1521152K, used 512308K [0x0000000700000000, 0x000000075cd80000, 0x00000007aab00000)
  object space 1521152K, 33% used [0x0000000700000000,0x000000071f44d3a0,0x000000075cd80000)
 Metaspace       used 265664K, committed 268992K, reserved 1114112K
  class space    used 34243K, committed 35904K, reserved 851968K
}
Event: 400.745 GC heap before
{Heap before GC invocations=222 (full 8):
 PSYoungGen      total 1327616K, used 19881K [0x00000007aab00000, 0x00000007ff700000, 0x0000000800000000)
  eden space 1270784K, 0% used [0x00000007aab00000,0x00000007aab00000,0x00000007f8400000)
  from space 56832K, 34% used [0x00000007fbf80000,0x00000007fd2ea6b8,0x00000007ff700000)
  to   space 58880K, 0% used [0x00000007f8400000,0x00000007f8400000,0x00000007fbd80000)
 ParOldGen       total 1521152K, used 512308K [0x0000000700000000, 0x000000075cd80000, 0x00000007aab00000)
  object space 1521152K, 33% used [0x0000000700000000,0x000000071f44d3a0,0x000000075cd80000)
 Metaspace       used 265664K, committed 268992K, reserved 1114112K
  class space    used 34243K, committed 35904K, reserved 851968K
}
Event: 401.005 GC heap after
{Heap after GC invocations=222 (full 8):
 PSYoungGen      total 1327616K, used 0K [0x00000007aab00000, 0x00000007ff700000, 0x0000000800000000)
  eden space 1270784K, 0% used [0x00000007aab00000,0x00000007aab00000,0x00000007f8400000)
  from space 56832K, 0% used [0x00000007fbf80000,0x00000007fbf80000,0x00000007ff700000)
  to   space 58880K, 0% used [0x00000007f8400000,0x00000007f8400000,0x00000007fbd80000)
 ParOldGen       total 1521152K, used 441536K [0x0000000700000000, 0x000000075cd80000, 0x00000007aab00000)
  object space 1521152K, 29% used [0x0000000700000000,0x000000071af301a8,0x000000075cd80000)
 Metaspace       used 265664K, committed 268992K, reserved 1114112K
  class space    used 34243K, committed 35904K, reserved 851968K
}
Event: 404.170 GC heap before
{Heap before GC invocations=223 (full 8):
 PSYoungGen      total 1327616K, used 1270784K [0x00000007aab00000, 0x00000007ff700000, 0x0000000800000000)
  eden space 1270784K, 100% used [0x00000007aab00000,0x00000007f8400000,0x00000007f8400000)
  from space 56832K, 0% used [0x00000007fbf80000,0x00000007fbf80000,0x00000007ff700000)
  to   space 58880K, 0% used [0x00000007f8400000,0x00000007f8400000,0x00000007fbd80000)
 ParOldGen       total 1521152K, used 441536K [0x0000000700000000, 0x000000075cd80000, 0x00000007aab00000)
  object space 1521152K, 29% used [0x0000000700000000,0x000000071af301a8,0x000000075cd80000)
 Metaspace       used 266885K, committed 270208K, reserved 1114112K
  class space    used 34313K, committed 35968K, reserved 851968K
}
Event: 404.221 GC heap after
{Heap after GC invocations=223 (full 8):
 PSYoungGen      total 1329664K, used 58876K [0x00000007aab00000, 0x0000000800000000, 0x0000000800000000)
  eden space 1270784K, 0% used [0x00000007aab00000,0x00000007aab00000,0x00000007f8400000)
  from space 58880K, 99% used [0x00000007f8400000,0x00000007fbd7f388,0x00000007fbd80000)
  to   space 68096K, 0% used [0x00000007fbd80000,0x00000007fbd80000,0x0000000800000000)
 ParOldGen       total 1521152K, used 512723K [0x0000000700000000, 0x000000075cd80000, 0x00000007aab00000)
  object space 1521152K, 33% used [0x0000000700000000,0x000000071f4b4d20,0x000000075cd80000)
 Metaspace       used 266885K, committed 270208K, reserved 1114112K
  class space    used 34313K, committed 35968K, reserved 851968K
}
Event: 406.189 GC heap before
{Heap before GC invocations=224 (full 8):
 PSYoungGen      total 1329664K, used 1329660K [0x00000007aab00000, 0x0000000800000000, 0x0000000800000000)
  eden space 1270784K, 100% used [0x00000007aab00000,0x00000007f8400000,0x00000007f8400000)
  from space 58880K, 99% used [0x00000007f8400000,0x00000007fbd7f388,0x00000007fbd80000)
  to   space 68096K, 0% used [0x00000007fbd80000,0x00000007fbd80000,0x0000000800000000)
 ParOldGen       total 1521152K, used 512723K [0x0000000700000000, 0x000000075cd80000, 0x00000007aab00000)
  object space 1521152K, 33% used [0x0000000700000000,0x000000071f4b4de0,0x000000075cd80000)
 Metaspace       used 270371K, committed 273728K, reserved 1114112K
  class space    used 34816K, committed 36480K, reserved 851968K
}
Event: 406.226 GC heap after
{Heap after GC invocations=224 (full 8):
 PSYoungGen      total 1275392K, used 54081K [0x00000007aab00000, 0x0000000800000000, 0x0000000800000000)
  eden space 1207296K, 0% used [0x00000007aab00000,0x00000007aab00000,0x00000007f4600000)
  from space 68096K, 79% used [0x00000007fbd80000,0x00000007ff250660,0x0000000800000000)
  to   space 95232K, 0% used [0x00000007f4600000,0x00000007f4600000,0x00000007fa300000)
 ParOldGen       total 1521152K, used 560464K [0x0000000700000000, 0x000000075cd80000, 0x00000007aab00000)
  object space 1521152K, 36% used [0x0000000700000000,0x00000007223542f8,0x000000075cd80000)
 Metaspace       used 270371K, committed 273728K, reserved 1114112K
  class space    used 34816K, committed 36480K, reserved 851968K
}
Event: 407.914 GC heap before
{Heap before GC invocations=225 (full 8):
 PSYoungGen      total 1275392K, used 747914K [0x00000007aab00000, 0x0000000800000000, 0x0000000800000000)
  eden space 1207296K, 57% used [0x00000007aab00000,0x00000007d50922f8,0x00000007f4600000)
  from space 68096K, 79% used [0x00000007fbd80000,0x00000007ff250660,0x0000000800000000)
  to   space 95232K, 0% used [0x00000007f4600000,0x00000007f4600000,0x00000007fa300000)
 ParOldGen       total 1521152K, used 560464K [0x0000000700000000, 0x000000075cd80000, 0x00000007aab00000)
  object space 1521152K, 36% used [0x0000000700000000,0x00000007223542f8,0x000000075cd80000)
 Metaspace       used 271777K, committed 275136K, reserved 1114112K
  class space    used 34945K, committed 36608K, reserved 851968K
}
Event: 408.011 GC heap after
{Heap after GC invocations=225 (full 8):
 PSYoungGen      total 1302528K, used 22001K [0x00000007aab00000, 0x0000000800000000, 0x0000000800000000)
  eden space 1207296K, 0% used [0x00000007aab00000,0x00000007aab00000,0x00000007f4600000)
  from space 95232K, 23% used [0x00000007f4600000,0x00000007f5b7c6c8,0x00000007fa300000)
  to   space 92160K, 0% used [0x00000007fa600000,0x00000007fa600000,0x0000000800000000)
 ParOldGen       total 1521152K, used 614109K [0x0000000700000000, 0x000000075cd80000, 0x00000007aab00000)
  object space 1521152K, 40% used [0x0000000700000000,0x00000007257b7530,0x000000075cd80000)
 Metaspace       used 271777K, committed 275136K, reserved 1114112K
  class space    used 34945K, committed 36608K, reserved 851968K
}
Event: 408.011 GC heap before
{Heap before GC invocations=226 (full 9):
 PSYoungGen      total 1302528K, used 22001K [0x00000007aab00000, 0x0000000800000000, 0x0000000800000000)
  eden space 1207296K, 0% used [0x00000007aab00000,0x00000007aab00000,0x00000007f4600000)
  from space 95232K, 23% used [0x00000007f4600000,0x00000007f5b7c6c8,0x00000007fa300000)
  to   space 92160K, 0% used [0x00000007fa600000,0x00000007fa600000,0x0000000800000000)
 ParOldGen       total 1521152K, used 614109K [0x0000000700000000, 0x000000075cd80000, 0x00000007aab00000)
  object space 1521152K, 40% used [0x0000000700000000,0x00000007257b7530,0x000000075cd80000)
 Metaspace       used 271777K, committed 275136K, reserved 1114112K
  class space    used 34945K, committed 36608K, reserved 851968K
}
Event: 408.519 GC heap after
{Heap after GC invocations=226 (full 9):
 PSYoungGen      total 1302528K, used 0K [0x00000007aab00000, 0x0000000800000000, 0x0000000800000000)
  eden space 1207296K, 0% used [0x00000007aab00000,0x00000007aab00000,0x00000007f4600000)
  from space 95232K, 0% used [0x00000007f4600000,0x00000007f4600000,0x00000007fa300000)
  to   space 92160K, 0% used [0x00000007fa600000,0x00000007fa600000,0x0000000800000000)
 ParOldGen       total 1521152K, used 600848K [0x0000000700000000, 0x000000075cd80000, 0x00000007aab00000)
  object space 1521152K, 39% used [0x0000000700000000,0x0000000724ac43d0,0x000000075cd80000)
 Metaspace       used 271777K, committed 275136K, reserved 1114112K
  class space    used 34945K, committed 36608K, reserved 851968K
}
Event: 410.596 GC heap before
{Heap before GC invocations=227 (full 9):
 PSYoungGen      total 1302528K, used 1207296K [0x00000007aab00000, 0x0000000800000000, 0x0000000800000000)
  eden space 1207296K, 100% used [0x00000007aab00000,0x00000007f4600000,0x00000007f4600000)
  from space 95232K, 0% used [0x00000007f4600000,0x00000007f4600000,0x00000007fa300000)
  to   space 92160K, 0% used [0x00000007fa600000,0x00000007fa600000,0x0000000800000000)
 ParOldGen       total 1521152K, used 600850K [0x0000000700000000, 0x000000075cd80000, 0x00000007aab00000)
  object space 1521152K, 39% used [0x0000000700000000,0x0000000724ac4ac0,0x000000075cd80000)
 Metaspace       used 273395K, committed 276736K, reserved 1114112K
  class space    used 35087K, committed 36736K, reserved 851968K
}
Event: 410.724 GC heap after
{Heap after GC invocations=227 (full 9):
 PSYoungGen      total 1207296K, used 92130K [0x00000007aab00000, 0x0000000800000000, 0x0000000800000000)
  eden space 1115136K, 0% used [0x00000007aab00000,0x00000007aab00000,0x00000007eec00000)
  from space 92160K, 99% used [0x00000007fa600000,0x00000007ffff8b88,0x0000000800000000)
  to   space 141312K, 0% used [0x00000007eec00000,0x00000007eec00000,0x00000007f7600000)
 ParOldGen       total 1521152K, used 692871K [0x0000000700000000, 0x000000075cd80000, 0x00000007aab00000)
  object space 1521152K, 45% used [0x0000000700000000,0x000000072a4a1ea0,0x000000075cd80000)
 Metaspace       used 273395K, committed 276736K, reserved 1114112K
  class space    used 35087K, committed 36736K, reserved 851968K
}

