# JRE version: OpenJDK Runtime Environment Zulu17.32+13-CA (17.0.2+8) (build 17.0.2+8-LTS)
# Java VM: OpenJDK 64-Bit Server VM Zulu17.32+13-CA (17.0.2+8-LTS, mixed mode, tiered, compressed oops, compressed class ptrs, g1 gc, windows-amd64)
GC Precious Log:
 CPUs: 12 total, 12 available
 Memory: 16052M
 Large Page Support: Disabled
 NUMA Support: Disabled
 Compressed Oops: Enabled (32-bit)
 Heap Region Size: 1M
 Heap Min Capacity: 8M
 Heap Initial Capacity: 252M
 Heap Max Capacity: 1536M
 Pre-touch: Disabled
 Parallel Workers: 10
 Concurrent Workers: 3
 Concurrent Refinement Workers: 10
 Periodic GC: Disabled
Heap:
 garbage-first heap   total 450560K, used 308224K [0x00000000a0000000, 0x0000000100000000)
  region size 1024K, 52 young (53248K), 9 survivors (9216K)
 Metaspace       used 181404K, committed 182400K, reserved 585728K
  class space    used 21730K, committed 22208K, reserved 421888K
GC Heap History (20 events):
Event: 262.513 GC heap before
{Heap before GC invocations=152 (full 0):
 garbage-first heap   total 409600K, used 242107K [0x00000000a0000000, 0x0000000100000000)
  region size 1024K, 20 young (20480K), 2 survivors (2048K)
 Metaspace       used 171827K, committed 172800K, reserved 577536K
  class space    used 21082K, committed 21568K, reserved 421888K
}
Event: 262.515 GC heap after
{Heap after GC invocations=153 (full 0):
 garbage-first heap   total 409600K, used 185346K [0x00000000a0000000, 0x0000000100000000)
  region size 1024K, 2 young (2048K), 2 survivors (2048K)
 Metaspace       used 171827K, committed 172800K, reserved 577536K
  class space    used 21082K, committed 21568K, reserved 421888K
}
Event: 270.731 GC heap before
{Heap before GC invocations=153 (full 0):
 garbage-first heap   total 409600K, used 202754K [0x00000000a0000000, 0x0000000100000000)
  region size 1024K, 20 young (20480K), 2 survivors (2048K)
 Metaspace       used 171886K, committed 172864K, reserved 577536K
  class space    used 21084K, committed 21568K, reserved 421888K
}
Event: 270.734 GC heap after
{Heap after GC invocations=154 (full 0):
 garbage-first heap   total 409600K, used 172450K [0x00000000a0000000, 0x0000000100000000)
  region size 1024K, 2 young (2048K), 2 survivors (2048K)
 Metaspace       used 171886K, committed 172864K, reserved 577536K
  class space    used 21084K, committed 21568K, reserved 421888K
}
Event: 271.676 GC heap before
{Heap before GC invocations=154 (full 0):
 garbage-first heap   total 409600K, used 352674K [0x00000000a0000000, 0x0000000100000000)
  region size 1024K, 177 young (181248K), 2 survivors (2048K)
 Metaspace       used 172774K, committed 173696K, reserved 577536K
  class space    used 21132K, committed 21568K, reserved 421888K
}
Event: 271.688 GC heap after
{Heap after GC invocations=155 (full 0):
 garbage-first heap   total 409600K, used 224149K [0x00000000a0000000, 0x0000000100000000)
  region size 1024K, 23 young (23552K), 23 survivors (23552K)
 Metaspace       used 172774K, committed 173696K, reserved 577536K
  class space    used 21132K, committed 21568K, reserved 421888K
}
Event: 271.716 GC heap before
{Heap before GC invocations=155 (full 0):
 garbage-first heap   total 409600K, used 233365K [0x00000000a0000000, 0x0000000100000000)
  region size 1024K, 33 young (33792K), 23 survivors (23552K)
 Metaspace       used 172873K, committed 173888K, reserved 577536K
  class space    used 21132K, committed 21568K, reserved 421888K
}
Event: 271.723 GC heap after
{Heap after GC invocations=156 (full 0):
 garbage-first heap   total 409600K, used 230750K [0x00000000a0000000, 0x0000000100000000)
  region size 1024K, 5 young (5120K), 5 survivors (5120K)
 Metaspace       used 172873K, committed 173888K, reserved 577536K
  class space    used 21132K, committed 21568K, reserved 421888K
}
Event: 272.706 GC heap before
{Heap before GC invocations=157 (full 0):
 garbage-first heap   total 439296K, used 319838K [0x00000000a0000000, 0x0000000100000000)
  region size 1024K, 91 young (93184K), 5 survivors (5120K)
 Metaspace       used 174545K, committed 175488K, reserved 577536K
  class space    used 21215K, committed 21696K, reserved 421888K
}
Event: 272.713 GC heap after
{Heap after GC invocations=158 (full 0):
 garbage-first heap   total 439296K, used 253848K [0x00000000a0000000, 0x0000000100000000)
  region size 1024K, 12 young (12288K), 12 survivors (12288K)
 Metaspace       used 174545K, committed 175488K, reserved 577536K
  class space    used 21215K, committed 21696K, reserved 421888K
}
Event: 272.812 GC heap before
{Heap before GC invocations=158 (full 0):
 garbage-first heap   total 439296K, used 263064K [0x00000000a0000000, 0x0000000100000000)
  region size 1024K, 21 young (21504K), 12 survivors (12288K)
 Metaspace       used 174713K, committed 175680K, reserved 577536K
  class space    used 21222K, committed 21696K, reserved 421888K
}
Event: 272.820 GC heap after
{Heap after GC invocations=159 (full 0):
 garbage-first heap   total 439296K, used 253952K [0x00000000a0000000, 0x0000000100000000)
  region size 1024K, 3 young (3072K), 3 survivors (3072K)
 Metaspace       used 174713K, committed 175680K, reserved 577536K
  class space    used 21222K, committed 21696K, reserved 421888K
}
Event: 274.337 GC heap before
{Heap before GC invocations=159 (full 0):
 garbage-first heap   total 439296K, used 343040K [0x00000000a0000000, 0x0000000100000000)
  region size 1024K, 90 young (92160K), 3 survivors (3072K)
 Metaspace       used 177814K, committed 178816K, reserved 585728K
  class space    used 21364K, committed 21824K, reserved 421888K
}
Event: 274.344 GC heap after
{Heap after GC invocations=160 (full 0):
 garbage-first heap   total 439296K, used 267264K [0x00000000a0000000, 0x0000000100000000)
  region size 1024K, 12 young (12288K), 12 survivors (12288K)
 Metaspace       used 177814K, committed 178816K, reserved 585728K
  class space    used 21364K, committed 21824K, reserved 421888K
}
Event: 275.600 GC heap before
{Heap before GC invocations=161 (full 0):
 garbage-first heap   total 450560K, used 350208K [0x00000000a0000000, 0x0000000100000000)
  region size 1024K, 93 young (95232K), 12 survivors (12288K)
 Metaspace       used 178364K, committed 179392K, reserved 585728K
  class space    used 21394K, committed 21888K, reserved 421888K
}
Event: 275.610 GC heap after
{Heap after GC invocations=162 (full 0):
 garbage-first heap   total 450560K, used 291956K [0x00000000a0000000, 0x0000000100000000)
  region size 1024K, 12 young (12288K), 12 survivors (12288K)
 Metaspace       used 178364K, committed 179392K, reserved 585728K
  class space    used 21394K, committed 21888K, reserved 421888K
}
Event: 275.627 GC heap before
{Heap before GC invocations=162 (full 0):
 garbage-first heap   total 450560K, used 302196K [0x00000000a0000000, 0x0000000100000000)
  region size 1024K, 22 young (22528K), 12 survivors (12288K)
 Metaspace       used 178388K, committed 179392K, reserved 585728K
  class space    used 21394K, committed 21888K, reserved 421888K
}
Event: 275.632 GC heap after
{Heap after GC invocations=163 (full 0):
 garbage-first heap   total 450560K, used 293636K [0x00000000a0000000, 0x0000000100000000)
  region size 1024K, 3 young (3072K), 3 survivors (3072K)
 Metaspace       used 178388K, committed 179392K, reserved 585728K
  class space    used 21394K, committed 21888K, reserved 421888K
}
Event: 276.053 GC heap before
{Heap before GC invocations=163 (full 0):
 garbage-first heap   total 450560K, used 360196K [0x00000000a0000000, 0x0000000100000000)
  region size 1024K, 68 young (69632K), 3 survivors (3072K)
 Metaspace       used 179001K, committed 179968K, reserved 585728K
  class space    used 21428K, committed 21888K, reserved 421888K
}
Event: 276.059 GC heap after
{Heap after GC invocations=164 (full 0):
 garbage-first heap   total 450560K, used 313344K [0x00000000a0000000, 0x0000000100000000)
  region size 1024K, 9 young (9216K), 9 survivors (9216K)
 Metaspace       used 179001K, committed 179968K, reserved 585728K
  class space    used 21428K, committed 21888K, reserved 421888K
}

